[11Jun2025 00:11:13.538] [Worker-Main-16/WARN] [ModernFix/]: Skipped emitting ENTITY_MOUNT game event for entity Strider['Strider'/36113, l='ServerLevel[world]', x=-1286.00, y=31.00, z=-501.00] as it would cause deadlock
[11Jun2025 00:11:56.770] [Worker-Main-16/WARN] [ModernFix/]: Skipped emitting ENTITY_MOUNT game event for entity Strider['Strider'/36383, l='ServerLevel[world]', x=-1298.00, y=31.00, z=-499.00] as it would cause deadlock
[11Jun2025 00:11:59.885] [Worker-Main-16/WARN] [ModernFix/]: Skipped emitting ENTITY_MOUNT game event for entity Strider['Strider'/36401, l='ServerLevel[world]', x=318.00, y=31.00, z=390.00] as it would cause deadlock
[11Jun2025 00:12:17.000] [Server thread/INFO] [net.minecraft.server.MinecraftServer/]: Unknown or incomplete command, see below for error
[11Jun2025 00:12:17.003] [Server thread/INFO] [net.minecraft.server.MinecraftServer/]: l<--[HERE]
[11Jun2025 00:12:35.087] [Worker-Main-16/WARN] [ModernFix/]: Skipped emitting ENTITY_MOUNT game event for entity Strider['Strider'/36694, l='ServerLevel[world]', x=-1327.00, y=31.00, z=-524.00] as it would cause deadlock
[11Jun2025 00:12:45.634] [Server thread/INFO] [net.minecraft.server.players.PlayerList/]: Angeltronix7005[/127.195.112.170:57703] logged in with entity id 36762 at (-255.71437842879777, 70.0, -289.0152522420324)
[11Jun2025 00:12:45.652] [Server thread/INFO] [net.minecraft.server.MinecraftServer/]: Angeltronix7005 joined the game
[11Jun2025 00:12:45.662] [Server thread/INFO] [net.fexcraft.mod.fsmm.FSMM/]: Loading account of literal{Angeltronix7005} || 3d0eb397-de0a-3271-9aff-8fc4e429df75
[11Jun2025 00:12:45.903] [Server thread/INFO] [com.alrex.parcool.ParCool/]: Limitation of 3d0eb397-de0a-3271-9aff-8fc4e429df75 was loaded
[11Jun2025 00:13:08.748] [Server thread/INFO] [net.minecraft.server.MinecraftServer/]: [Angeltronix7005: Teleported Ferlein to Angeltronix7005]
[11Jun2025 00:13:10.621] [Server thread/WARN] [net.minecraft.server.MinecraftServer/]: Can't keep up! Is the server overloaded? Running 2121ms or 42 ticks behind
[11Jun2025 00:13:20.894] [Server thread/INFO] [net.minecraft.server.MinecraftServer/]: Unknown or incomplete command, see below for error
[11Jun2025 00:13:20.925] [Server thread/INFO] [net.minecraft.server.MinecraftServer/]: l<--[HERE]
[11Jun2025 00:16:03.220] [Server thread/INFO] [net.minecraft.server.MinecraftServer/]: [Angeltronix7005: Teleported Ferlein to JustRaptor]
[11Jun2025 00:16:14.211] [Server thread/INFO] [net.minecraft.server.MinecraftServer/]: [Angeltronix7005: Teleported JustRaptor to Angeltronix7005]
[11Jun2025 00:23:39.828] [Worker-Main-16/WARN] [ModernFix/]: Skipped emitting ENTITY_MOUNT game event for entity Strider['Strider'/41004, l='ServerLevel[world]', x=-1323.00, y=31.00, z=-830.00] as it would cause deadlock
[11Jun2025 00:31:02.898] [Server thread/INFO] [net.minecraft.server.MinecraftServer/]: [Angeltronix7005: Teleported JustRaptor to Ferlein]
[11Jun2025 00:31:19.786] [Server thread/INFO] [net.minecraft.server.MinecraftServer/]: [Angeltronix7005: Teleported Ferlein to Angeltronix7005]
[11Jun2025 00:31:55.675] [Server thread/INFO] [net.minecraft.server.MinecraftServer/]: [Not Secure] <Angeltronix7005> :v
[11Jun2025 00:32:15.968] [Server thread/INFO] [net.minecraft.server.MinecraftServer/]: [Not Secure] <Angeltronix7005> nada que hacer :v
[11Jun2025 00:32:33.773] [Worker-Main-16/WARN] [ModernFix/]: Skipped emitting ENTITY_MOUNT game event for entity Strider['Strider'/44919, l='ServerLevel[world]', x=-1405.00, y=31.00, z=-542.00] as it would cause deadlock
[11Jun2025 00:37:41.723] [Worker-Main-16/WARN] [net.minecraft.world.level.levelgen.structure.pools.JigsawPlacement/]: Empty or non-existent pool: minecraft:minecraft_empty
[11Jun2025 00:37:41.823] [Worker-Main-16/WARN] [net.minecraft.world.level.levelgen.structure.pools.JigsawPlacement/]: Empty or non-existent pool: minecraft:minecraft_empty
[11Jun2025 00:38:28.067] [Server thread/WARN] [net.minecraft.server.level.ServerPlayerGameMode/]: Mismatch in destroy block pos: BlockPos{x=-1136, y=69, z=-576} BlockPos{x=-1088, y=81, z=-606}
[11Jun2025 00:41:40.045] [Worker-Main-16/WARN] [net.minecraft.world.level.levelgen.structure.pools.JigsawPlacement/]: Empty or non-existent pool: minecraft:minecraft_empty
[11Jun2025 00:41:40.094] [Worker-Main-16/WARN] [net.minecraft.world.level.levelgen.structure.pools.JigsawPlacement/]: Empty or non-existent pool: minecraft:minecraft_empty
[11Jun2025 01:00:50.647] [Server thread/WARN] [net.minecraft.server.level.ServerPlayerGameMode/]: Mismatch in destroy block pos: BlockPos{x=-270, y=87, z=-262} BlockPos{x=-271, y=87, z=-262}
[11Jun2025 01:02:55.520] [Server thread/INFO] [net.minecraft.server.network.ServerGamePacketListenerImpl/]: JustRaptor lost connection: Disconnected
[11Jun2025 01:02:55.520] [Server thread/INFO] [net.minecraft.server.MinecraftServer/]: JustRaptor left the game
[11Jun2025 01:02:55.521] [Server thread/INFO] [net.fexcraft.mod.fsmm.FSMM/]: Unloading account of literal{JustRaptor} || 4b84e15c-b816-3db6-9423-99e1b59e97fb
[11Jun2025 01:02:55.521] [Server thread/INFO] [com.alrex.parcool.ParCool/]: Limitation of 4b84e15c-b816-3db6-9423-99e1b59e97fb was unloaded
[11Jun2025 01:03:02.181] [Server thread/INFO] [net.minecraft.server.players.PlayerList/]: JustRaptor[/127.173.123.163:54955] logged in with entity id 59222 at (-1210.281167839479, 102.00133597911214, -625.1398499513396)
[11Jun2025 01:03:02.187] [Server thread/INFO] [net.minecraft.server.MinecraftServer/]: JustRaptor joined the game
[11Jun2025 01:03:02.199] [Server thread/INFO] [net.fexcraft.mod.fsmm.FSMM/]: Loading account of literal{JustRaptor} || 4b84e15c-b816-3db6-9423-99e1b59e97fb
[11Jun2025 01:03:02.353] [Server thread/INFO] [com.alrex.parcool.ParCool/]: Limitation of 4b84e15c-b816-3db6-9423-99e1b59e97fb was loaded
[11Jun2025 01:03:12.428] [Server thread/INFO] [net.minecraft.server.MinecraftServer/]: Unknown or incomplete command, see below for error
[11Jun2025 01:03:12.435] [Server thread/INFO] [net.minecraft.server.MinecraftServer/]: l<--[HERE]
[11Jun2025 01:04:03.093] [Server thread/INFO] [net.minecraft.server.MinecraftServer/]: [Angeltronix7005: Kicked JustRaptor: Kicked by an operator]
[11Jun2025 01:04:03.119] [Server thread/INFO] [net.minecraft.server.network.ServerGamePacketListenerImpl/]: JustRaptor lost connection: Kicked by an operator
[11Jun2025 01:04:03.120] [Server thread/INFO] [net.minecraft.server.MinecraftServer/]: JustRaptor left the game
[11Jun2025 01:04:03.120] [Server thread/INFO] [net.fexcraft.mod.fsmm.FSMM/]: Unloading account of literal{JustRaptor} || 4b84e15c-b816-3db6-9423-99e1b59e97fb
[11Jun2025 01:04:03.121] [Server thread/INFO] [com.alrex.parcool.ParCool/]: Limitation of 4b84e15c-b816-3db6-9423-99e1b59e97fb was unloaded
[11Jun2025 01:04:17.082] [Server thread/INFO] [net.minecraft.server.players.PlayerList/]: JustRaptor[/127.173.123.163:50971] logged in with entity id 59782 at (-1234.2996955996828, 99.0, -653.158911150441)
[11Jun2025 01:04:17.093] [Server thread/INFO] [net.minecraft.server.MinecraftServer/]: JustRaptor joined the game
[11Jun2025 01:04:17.109] [Server thread/INFO] [net.fexcraft.mod.fsmm.FSMM/]: Loading account of literal{JustRaptor} || 4b84e15c-b816-3db6-9423-99e1b59e97fb
[11Jun2025 01:04:17.258] [Server thread/INFO] [com.alrex.parcool.ParCool/]: Limitation of 4b84e15c-b816-3db6-9423-99e1b59e97fb was loaded
[11Jun2025 01:04:56.786] [Server thread/INFO] [net.minecraft.server.MinecraftServer/]: [Angeltronix7005: Kicked JustRaptor: Kicked by an operator]
[11Jun2025 01:04:56.817] [Server thread/INFO] [net.minecraft.server.network.ServerGamePacketListenerImpl/]: JustRaptor lost connection: Kicked by an operator
[11Jun2025 01:04:56.817] [Server thread/INFO] [net.minecraft.server.MinecraftServer/]: JustRaptor left the game
[11Jun2025 01:04:56.818] [Server thread/INFO] [net.fexcraft.mod.fsmm.FSMM/]: Unloading account of literal{JustRaptor} || 4b84e15c-b816-3db6-9423-99e1b59e97fb
[11Jun2025 01:04:56.819] [Server thread/INFO] [com.alrex.parcool.ParCool/]: Limitation of 4b84e15c-b816-3db6-9423-99e1b59e97fb was unloaded
[11Jun2025 01:05:07.180] [Server thread/INFO] [net.minecraft.server.players.PlayerList/]: JustRaptor[/127.173.123.163:35199] logged in with entity id 60216 at (-1242.5543361202658, 85.0, -668.8067004766182)
[11Jun2025 01:05:07.190] [Server thread/INFO] [net.minecraft.server.MinecraftServer/]: JustRaptor joined the game
[11Jun2025 01:05:07.212] [Server thread/INFO] [net.fexcraft.mod.fsmm.FSMM/]: Loading account of literal{JustRaptor} || 4b84e15c-b816-3db6-9423-99e1b59e97fb
[11Jun2025 01:05:07.360] [Server thread/INFO] [com.alrex.parcool.ParCool/]: Limitation of 4b84e15c-b816-3db6-9423-99e1b59e97fb was loaded
[11Jun2025 01:05:13.833] [Server thread/INFO] [net.minecraft.server.MinecraftServer/]: Unknown or incomplete command, see below for error
[11Jun2025 01:05:13.833] [Server thread/INFO] [net.minecraft.server.MinecraftServer/]: l<--[HERE]
[11Jun2025 01:05:50.878] [Server thread/WARN] [net.minecraft.server.network.ServerGamePacketListenerImpl/]: Angeltronix7005 moved too quickly! 0.2511351159450328,-4.0,-9.385219987456566
[11Jun2025 01:09:19.374] [Server thread/INFO] [net.minecraft.server.MinecraftServer/]: [Not Secure] <Angeltronix7005> me escriben cualquier cosa
[11Jun2025 01:09:24.022] [Server thread/INFO] [net.minecraft.server.MinecraftServer/]: [Not Secure] <Angeltronix7005> no los escucho mucho
[11Jun2025 01:10:10.448] [Worker-Main-16/WARN] [ModernFix/]: Skipped emitting ENTITY_MOUNT game event for entity Strider['Strider'/63157, l='ServerLevel[world]', x=-1431.00, y=31.00, z=-904.00] as it would cause deadlock
[11Jun2025 01:13:43.426] [Server thread/INFO] [net.minecraft.server.MinecraftServer/]: [Not Secure] <Ferlein> me haces tp?
[11Jun2025 01:13:47.199] [Server thread/INFO] [net.minecraft.server.MinecraftServer/]: [Not Secure] <Angeltronix7005> a donde?
[11Jun2025 01:13:52.097] [Server thread/INFO] [net.minecraft.server.MinecraftServer/]: [Not Secure] <Ferlein> a la luna
[11Jun2025 01:14:01.276] [Server thread/INFO] [net.minecraft.server.MinecraftServer/]: Ferlein was killed
[11Jun2025 01:14:01.278] [Server thread/INFO] [net.minecraft.server.MinecraftServer/]: [Angeltronix7005: Killed Ferlein]
[11Jun2025 01:14:06.647] [Server thread/INFO] [net.minecraft.server.MinecraftServer/]: [Not Secure] <Angeltronix7005> listo :3
[11Jun2025 01:14:08.349] [Server thread/INFO] [net.minecraft.server.MinecraftServer/]: [Not Secure] <Ferlein> igual funciono
[11Jun2025 01:14:15.580] [Server thread/INFO] [net.minecraft.server.MinecraftServer/]: [Not Secure] <Ferlein> asi que el que pierde eres tu
[11Jun2025 01:14:29.775] [Server thread/INFO] [net.minecraft.server.MinecraftServer/]: [Not Secure] <Ferlein> me devuelves mi mochila agronoma?
[11Jun2025 01:14:41.725] [Server thread/INFO] [net.minecraft.server.MinecraftServer/]: [Not Secure] <Angeltronix7005> cual?
[11Jun2025 01:14:44.997] [Server thread/INFO] [net.minecraft.server.MinecraftServer/]: [Not Secure] <Angeltronix7005> aaaa
[11Jun2025 01:14:46.325] [Server thread/INFO] [net.minecraft.server.MinecraftServer/]: [Not Secure] <Ferlein> la verde
[11Jun2025 01:14:47.191] [Server thread/INFO] [net.minecraft.server.MinecraftServer/]: [Not Secure] <Angeltronix7005> sip
[11Jun2025 01:15:56.435] [Server thread/INFO] [net.minecraft.server.MinecraftServer/]: [Not Secure] <Angeltronix7005> ya vengo :3
[11Jun2025 01:16:15.832] [Worker-Main-16/WARN] [ModernFix/]: Skipped emitting ENTITY_MOUNT game event for entity Strider['Strider'/65852, l='ServerLevel[world]', x=-1433.00, y=31.00, z=-927.10] as it would cause deadlock
[11Jun2025 01:16:15.842] [Worker-Main-16/WARN] [ModernFix/]: Skipped emitting ENTITY_MOUNT game event for entity Strider['Strider'/65855, l='ServerLevel[world]', x=-1363.00, y=31.00, z=-916.00] as it would cause deadlock
[11Jun2025 01:19:16.326] [Worker-Main-16/WARN] [ModernFix/]: Skipped emitting ENTITY_MOUNT game event for entity Strider['Strider'/67287, l='ServerLevel[world]', x=-1228.00, y=31.00, z=-1067.00] as it would cause deadlock
[11Jun2025 01:19:16.493] [Worker-Main-16/WARN] [ModernFix/]: Skipped emitting ENTITY_MOUNT game event for entity Strider['Strider'/67294, l='ServerLevel[world]', x=-1403.00, y=31.00, z=-1058.00] as it would cause deadlock
[11Jun2025 01:23:56.544] [Server thread/INFO] [net.minecraft.server.MinecraftServer/]: [Angeltronix7005: Teleported Angeltronix7005 to Ferlein]
[11Jun2025 01:29:18.282] [Worker-Main-16/WARN] [net.minecraft.world.level.levelgen.structure.pools.JigsawPlacement/]: Empty or non-existent pool: minecraft:minecraft_empty
[11Jun2025 01:29:18.319] [Worker-Main-16/WARN] [net.minecraft.world.level.levelgen.structure.pools.JigsawPlacement/]: Empty or non-existent pool: minecraft:minecraft_empty
[11Jun2025 01:29:20.381] [Server thread/INFO] [net.minecraft.server.network.ServerLoginPacketListenerImpl/]: com.mojang.authlib.GameProfile@64a45[id=<null>,name=sasuke6525,properties={},legacy=false] (/127.43.105.48:37727) lost connection: Disconnected
[11Jun2025 01:29:30.021] [Server thread/INFO] [net.minecraft.server.network.ServerLoginPacketListenerImpl/]: com.mojang.authlib.GameProfile@148e4ccd[id=<null>,name=sasuke6525,properties={},legacy=false] (/127.43.105.48:35099) lost connection: Disconnected
[11Jun2025 01:29:38.018] [Server thread/INFO] [net.minecraft.server.network.ServerLoginPacketListenerImpl/]: com.mojang.authlib.GameProfile@7c96c14f[id=<null>,name=sasuke6525,properties={},legacy=false] (/127.43.105.48:38401) lost connection: Disconnected
[11Jun2025 01:30:26.125] [Server thread/INFO] [net.minecraft.server.network.ServerLoginPacketListenerImpl/]: com.mojang.authlib.GameProfile@4442b9db[id=<null>,name=sasuke6525,properties={},legacy=false] (/127.43.105.48:38079) lost connection: Disconnected
[11Jun2025 01:33:43.845] [Server thread/WARN] [net.minecraft.server.level.ServerPlayerGameMode/]: Mismatch in destroy block pos: BlockPos{x=-1239, y=77, z=-851} BlockPos{x=-1215, y=85, z=-872}
[11Jun2025 01:35:08.598] [Server thread/INFO] [net.minecraft.server.MinecraftServer/]: Unknown or incomplete command, see below for error
[11Jun2025 01:35:08.608] [Server thread/INFO] [net.minecraft.server.MinecraftServer/]: l<--[HERE]
[11Jun2025 01:38:03.995] [Server thread/INFO] [net.minecraft.server.players.PlayerList/]: sasuke6525[/127.43.105.48:33311] logged in with entity id 74920 at (-349.92500001192093, 72.0, -439.1354719164804)
[11Jun2025 01:38:04.011] [Server thread/INFO] [net.minecraft.server.MinecraftServer/]: sasuke6525 joined the game
[11Jun2025 01:38:04.097] [Server thread/INFO] [net.fexcraft.mod.fsmm.FSMM/]: Loading account of literal{sasuke6525} || 11dbb811-9911-3e57-9646-85b53ec23ca1
[11Jun2025 01:38:04.992] [Server thread/INFO] [com.alrex.parcool.ParCool/]: Limitation of 11dbb811-9911-3e57-9646-85b53ec23ca1 was loaded
[11Jun2025 01:39:21.536] [Server thread/INFO] [net.minecraft.server.MinecraftServer/]: [Not Secure] <JustRaptor> me haces tp
[11Jun2025 01:39:32.671] [Server thread/INFO] [net.minecraft.server.MinecraftServer/]: JustRaptor was killed
[11Jun2025 01:39:32.672] [Server thread/INFO] [net.minecraft.server.MinecraftServer/]: [Angeltronix7005: Killed JustRaptor]
[11Jun2025 01:39:36.280] [Server thread/INFO] [net.minecraft.server.MinecraftServer/]: [Not Secure] <JustRaptor> xd
[11Jun2025 01:39:48.664] [Server thread/INFO] [net.minecraft.server.MinecraftServer/]: [Not Secure] <JustRaptor> no, no quiero :v
[11Jun2025 01:41:19.494] [Server thread/INFO] [net.minecraft.server.MinecraftServer/]: [Not Secure] <JustRaptor> las flechas se venden?
[11Jun2025 01:41:50.690] [Server thread/INFO] [net.minecraft.server.MinecraftServer/]: [Angeltronix7005: Teleported Angeltronix7005 to sasuke6525]
[11Jun2025 01:49:47.720] [Server thread/INFO] [net.minecraft.server.MinecraftServer/]: [Angeltronix7005: Teleported Angeltronix7005 to Ferlein]
[11Jun2025 01:51:24.362] [Server thread/INFO] [net.minecraft.server.MinecraftServer/]: [Not Secure] <JustRaptor> tp a ti
[11Jun2025 01:51:30.490] [Server thread/INFO] [net.minecraft.server.MinecraftServer/]: [Angeltronix7005: Teleported JustRaptor to Angeltronix7005]
[11Jun2025 01:56:57.664] [Server thread/INFO] [fastsuite/]: Constructed recipe list for farmersdelight:cutting in 87.03 μs. 0/148 recipes are parallelized.
[11Jun2025 02:06:15.210] [Server thread/INFO] [net.minecraft.server.MinecraftServer/]: Ferlein was impaled by JustRaptor
[11Jun2025 02:06:23.174] [Server thread/INFO] [net.minecraft.server.MinecraftServer/]: [Angeltronix7005: Teleported Ferlein to JustRaptor]
[11Jun2025 02:07:55.564] [Server thread/INFO] [net.minecraft.server.MinecraftServer/]: [Angeltronix7005: Teleported Angeltronix7005 to sasuke6525]
[11Jun2025 02:08:11.545] [Server thread/INFO] [net.minecraft.server.MinecraftServer/]: [Angeltronix7005: Teleported JustRaptor to Ferlein]
[11Jun2025 02:08:55.063] [Server thread/INFO] [net.minecraft.server.network.ServerGamePacketListenerImpl/]: JustRaptor lost connection: Disconnected
[11Jun2025 02:08:55.063] [Server thread/INFO] [net.minecraft.server.MinecraftServer/]: JustRaptor left the game
[11Jun2025 02:08:55.063] [Server thread/INFO] [net.fexcraft.mod.fsmm.FSMM/]: Unloading account of literal{JustRaptor} || 4b84e15c-b816-3db6-9423-99e1b59e97fb
[11Jun2025 02:08:55.064] [Server thread/INFO] [com.alrex.parcool.ParCool/]: Limitation of 4b84e15c-b816-3db6-9423-99e1b59e97fb was unloaded
[11Jun2025 02:09:14.577] [Server thread/INFO] [net.minecraft.server.MinecraftServer/]: [Angeltronix7005: Kicked Ferlein: Kicked by an operator]
[11Jun2025 02:09:14.612] [Server thread/INFO] [net.minecraft.server.network.ServerGamePacketListenerImpl/]: Ferlein lost connection: Kicked by an operator
[11Jun2025 02:09:14.612] [Server thread/INFO] [net.minecraft.server.MinecraftServer/]: Ferlein left the game
[11Jun2025 02:09:14.613] [Server thread/INFO] [net.fexcraft.mod.fsmm.FSMM/]: Unloading account of literal{Ferlein} || 0e6df4b7-2964-3639-a5b2-37df6aae5bc1
[11Jun2025 02:09:14.613] [Server thread/INFO] [com.alrex.parcool.ParCool/]: Limitation of 0e6df4b7-2964-3639-a5b2-37df6aae5bc1 was unloaded
[11Jun2025 02:09:24.971] [Server thread/INFO] [net.minecraft.server.players.PlayerList/]: Ferlein[/127.59.10.170:47321] logged in with entity id 88231 at (-295.7142965431781, 71.0, -126.46284557631013)
[11Jun2025 02:09:24.986] [Server thread/INFO] [net.minecraft.server.MinecraftServer/]: Ferlein joined the game
[11Jun2025 02:09:25.020] [Server thread/INFO] [net.fexcraft.mod.fsmm.FSMM/]: Loading account of literal{Ferlein} || 0e6df4b7-2964-3639-a5b2-37df6aae5bc1
[11Jun2025 02:09:25.138] [Server thread/INFO] [com.alrex.parcool.ParCool/]: Limitation of 0e6df4b7-2964-3639-a5b2-37df6aae5bc1 was loaded
[11Jun2025 02:09:48.211] [Server thread/INFO] [net.minecraft.server.MinecraftServer/]: [Angeltronix7005: Teleported Angeltronix7005 to sasuke6525]
[11Jun2025 02:10:13.875] [Server thread/INFO] [net.minecraft.server.players.PlayerList/]: JustRaptor[/127.173.123.163:46825] logged in with entity id 88853 at (-288.3916413572355, 71.0, -141.19265032742211)
[11Jun2025 02:10:13.880] [Server thread/INFO] [net.minecraft.server.MinecraftServer/]: JustRaptor joined the game
[11Jun2025 02:10:13.915] [Server thread/INFO] [net.fexcraft.mod.fsmm.FSMM/]: Loading account of literal{JustRaptor} || 4b84e15c-b816-3db6-9423-99e1b59e97fb
[11Jun2025 02:10:14.759] [Server thread/INFO] [com.alrex.parcool.ParCool/]: Limitation of 4b84e15c-b816-3db6-9423-99e1b59e97fb was loaded
[11Jun2025 02:29:28.628] [Server thread/INFO] [net.minecraft.server.MinecraftServer/]: Unknown or incomplete command, see below for error
[11Jun2025 02:29:28.629] [Server thread/INFO] [net.minecraft.server.MinecraftServer/]: l<--[HERE]
[11Jun2025 02:31:36.673] [Worker-Main-16/ERROR] [net.minecraft.world.entity.decoration.HangingEntity/]: Hanging entity at invalid position: BlockPos{x=203, y=48, z=159}
[11Jun2025 02:34:45.942] [Worker-Main-16/INFO] [ModernFix/]: Instantiating Mojang DFU
[11Jun2025 02:34:48.155] [Server thread/WARN] [net.minecraft.server.MinecraftServer/]: Can't keep up! Is the server overloaded? Running 2906ms or 58 ticks behind
[11Jun2025 02:37:10.031] [Server thread/WARN] [net.minecraft.server.level.ServerPlayerGameMode/]: Mismatch in destroy block pos: BlockPos{x=-1021, y=46, z=-1346} BlockPos{x=-1021, y=37, z=-1346}
[11Jun2025 02:38:03.757] [Server thread/INFO] [net.minecraft.server.MinecraftServer/]: JustRaptor has made the advancement [Eye Spy]
[11Jun2025 02:38:12.858] [Server thread/INFO] [net.minecraft.server.MinecraftServer/]: Ferlein has made the advancement [Eye Spy]
[11Jun2025 02:49:57.026] [Server thread/INFO] [net.minecraft.server.MinecraftServer/]: [Not Secure] <Angeltronix7005> -.-
[11Jun2025 02:52:16.320] [Server thread/INFO] [net.minecraft.server.MinecraftServer/]: [Angeltronix7005: Teleported Ferlein to Angeltronix7005]
[11Jun2025 02:52:22.672] [Server thread/INFO] [net.minecraft.server.MinecraftServer/]: [Angeltronix7005: Teleported JustRaptor to sasuke6525]
[11Jun2025 03:02:41.948] [Server thread/INFO] [net.minecraft.server.MinecraftServer/]: [Angeltronix7005: Set own game mode to Creative Mode]
[11Jun2025 03:03:07.389] [Server thread/INFO] [net.minecraft.server.MinecraftServer/]: [Angeltronix7005: Set own game mode to Survival Mode]
[11Jun2025 03:06:11.468] [Server thread/INFO] [net.minecraft.server.MinecraftServer/]: [Angeltronix7005: Set own game mode to Creative Mode]
[11Jun2025 03:06:27.810] [Server thread/INFO] [net.minecraft.server.MinecraftServer/]: [Angeltronix7005: Set own game mode to Survival Mode]
[11Jun2025 03:11:10.861] [Server thread/INFO] [net.minecraft.server.MinecraftServer/]: sasuke6525 has made the advancement [Safe Haven]
[11Jun2025 03:12:51.602] [Server thread/INFO] [net.minecraft.server.MinecraftServer/]: Angeltronix7005 has made the advancement [Eye Spy]
[11Jun2025 03:12:56.853] [Server thread/INFO] [net.minecraft.server.MinecraftServer/]: sasuke6525 has made the advancement [Eye Spy]
[11Jun2025 03:14:05.940] [Server thread/INFO] [net.minecraft.server.MinecraftServer/]: sasuke6525 has made the advancement [The End?]
[11Jun2025 03:14:08.545] [Server thread/INFO] [betterendisland/]: Scanning for legacy world dragon fight...
[11Jun2025 03:14:08.576] [Server thread/INFO] [betterendisland/]: Found that the dragon has not yet been killed in this world.
[11Jun2025 03:14:09.224] [Server thread/INFO] [betterendisland/]: Portal location is null. Placing manually...
[11Jun2025 03:14:09.225] [Server thread/INFO] [betterendisland/]: Set the exit portal location to: BlockPos{x=0, y=61, z=0}
[11Jun2025 03:14:09.306] [Server thread/INFO] [net.minecraft.server.MinecraftServer/]: Angeltronix7005 has made the advancement [The End?]
[11Jun2025 03:14:10.264] [Server thread/WARN] [net.minecraft.server.MinecraftServer/]: Can't keep up! Is the server overloaded? Running 3514ms or 70 ticks behind
[11Jun2025 03:14:10.324] [Server thread/WARN] [net.minecraft.server.network.ServerGamePacketListenerImpl/]: Angeltronix7005 moved too quickly! 1146.1439148800955,67.32352912385574,1278.3559385340964
[11Jun2025 03:14:12.545] [Server thread/INFO] [net.minecraft.server.MinecraftServer/]: JustRaptor has made the advancement [The End?]
[11Jun2025 03:14:13.179] [Server thread/INFO] [net.minecraft.server.MinecraftServer/]: Ferlein has made the advancement [The End?]
[11Jun2025 03:15:02.401] [Server thread/INFO] [betterendisland/]: Starting initial dragon fight!
[11Jun2025 03:15:02.401] [Server thread/INFO] [betterendisland/]: Found all crystals, starting initial dragon spawn.
[11Jun2025 03:15:32.562] [Server thread/INFO] [betterendisland/]: Set the exit portal location to: BlockPos{x=0, y=61, z=0}
[11Jun2025 03:16:30.008] [Server thread/INFO] [net.minecraft.server.MinecraftServer/]: [Angeltronix7005: Set own game mode to Creative Mode]
[11Jun2025 03:16:43.404] [Server thread/INFO] [net.minecraft.server.MinecraftServer/]: Ferlein has reached the goal [You Need a Mint]
[11Jun2025 03:16:50.261] [Server thread/INFO] [net.minecraft.server.MinecraftServer/]: [Angeltronix7005: Set own game mode to Survival Mode]
[11Jun2025 03:19:19.504] [Server thread/INFO] [net.minecraft.server.MinecraftServer/]: Angeltronix7005 has reached the goal [You Need a Mint]
[11Jun2025 03:22:01.654] [Server thread/INFO] [net.minecraft.server.MinecraftServer/]: JustRaptor has reached the goal [You Need a Mint]
[11Jun2025 03:23:30.405] [Server thread/WARN] [net.minecraft.server.network.ServerGamePacketListenerImpl/]: Angeltronix7005 was kicked for floating too long!
[11Jun2025 03:23:30.454] [Server thread/INFO] [net.minecraft.server.network.ServerGamePacketListenerImpl/]: Angeltronix7005 lost connection: Flying is not enabled on this server
[11Jun2025 03:23:30.458] [Server thread/INFO] [net.minecraft.server.MinecraftServer/]: Angeltronix7005 left the game
[11Jun2025 03:23:30.458] [Server thread/INFO] [net.fexcraft.mod.fsmm.FSMM/]: Unloading account of literal{Angeltronix7005} || 3d0eb397-de0a-3271-9aff-8fc4e429df75
[11Jun2025 03:23:30.459] [Server thread/INFO] [com.alrex.parcool.ParCool/]: Limitation of 3d0eb397-de0a-3271-9aff-8fc4e429df75 was unloaded
[11Jun2025 03:23:38.865] [Server thread/INFO] [net.minecraft.server.players.PlayerList/]: Angeltronix7005[/127.195.112.170:55211] logged in with entity id 122198 at (21.975812172535747, 68.50850492566622, 42.310714211957766)
[11Jun2025 03:23:38.877] [Server thread/INFO] [net.minecraft.server.MinecraftServer/]: Angeltronix7005 joined the game
[11Jun2025 03:23:38.901] [Server thread/INFO] [net.fexcraft.mod.fsmm.FSMM/]: Loading account of literal{Angeltronix7005} || 3d0eb397-de0a-3271-9aff-8fc4e429df75
[11Jun2025 03:23:39.012] [Server thread/INFO] [com.alrex.parcool.ParCool/]: Limitation of 3d0eb397-de0a-3271-9aff-8fc4e429df75 was loaded
[11Jun2025 03:24:03.553] [Server thread/WARN] [net.minecraft.server.network.ServerGamePacketListenerImpl/]: JustRaptor was kicked for floating too long!
[11Jun2025 03:24:03.603] [Server thread/INFO] [net.minecraft.server.network.ServerGamePacketListenerImpl/]: JustRaptor lost connection: Flying is not enabled on this server
[11Jun2025 03:24:03.603] [Server thread/INFO] [net.minecraft.server.MinecraftServer/]: JustRaptor left the game
[11Jun2025 03:24:03.604] [Server thread/INFO] [net.fexcraft.mod.fsmm.FSMM/]: Unloading account of literal{JustRaptor} || 4b84e15c-b816-3db6-9423-99e1b59e97fb
[11Jun2025 03:24:03.605] [Server thread/INFO] [com.alrex.parcool.ParCool/]: Limitation of 4b84e15c-b816-3db6-9423-99e1b59e97fb was unloaded
[11Jun2025 03:24:12.771] [Server thread/INFO] [net.minecraft.server.players.PlayerList/]: JustRaptor[/127.173.123.163:40451] logged in with entity id 122234 at (31.13586551943629, 72.3617585340333, 24.69219466135263)
[11Jun2025 03:24:12.776] [Server thread/INFO] [net.minecraft.server.MinecraftServer/]: JustRaptor joined the game
[11Jun2025 03:24:12.802] [Server thread/INFO] [net.fexcraft.mod.fsmm.FSMM/]: Loading account of literal{JustRaptor} || 4b84e15c-b816-3db6-9423-99e1b59e97fb
[11Jun2025 03:24:12.924] [Server thread/INFO] [com.alrex.parcool.ParCool/]: Limitation of 4b84e15c-b816-3db6-9423-99e1b59e97fb was loaded
[11Jun2025 03:24:42.654] [Server thread/WARN] [net.minecraft.server.network.ServerGamePacketListenerImpl/]: sasuke6525 was kicked for floating too long!
[11Jun2025 03:24:42.702] [Server thread/INFO] [net.minecraft.server.network.ServerGamePacketListenerImpl/]: sasuke6525 lost connection: Flying is not enabled on this server
[11Jun2025 03:24:42.702] [Server thread/INFO] [net.minecraft.server.MinecraftServer/]: sasuke6525 left the game
[11Jun2025 03:24:42.703] [Server thread/INFO] [net.fexcraft.mod.fsmm.FSMM/]: Unloading account of literal{sasuke6525} || 11dbb811-9911-3e57-9646-85b53ec23ca1
[11Jun2025 03:24:42.704] [Server thread/INFO] [com.alrex.parcool.ParCool/]: Limitation of 11dbb811-9911-3e57-9646-85b53ec23ca1 was unloaded
[11Jun2025 03:24:47.333] [Server thread/INFO] [net.minecraft.server.MinecraftServer/]: JustRaptor has made the advancement [Free the End]
[11Jun2025 03:24:48.463] [Server thread/INFO] [net.minecraft.server.players.PlayerList/]: sasuke6525[/127.43.105.48:37539] logged in with entity id 122273 at (23.86933903285697, 72.3617585340333, 0.03483399861513463)
[11Jun2025 03:24:48.467] [Server thread/INFO] [net.minecraft.server.MinecraftServer/]: sasuke6525 joined the game
[11Jun2025 03:24:48.496] [Server thread/INFO] [net.fexcraft.mod.fsmm.FSMM/]: Loading account of literal{sasuke6525} || 11dbb811-9911-3e57-9646-85b53ec23ca1
[11Jun2025 03:24:48.608] [Server thread/INFO] [com.alrex.parcool.ParCool/]: Limitation of 11dbb811-9911-3e57-9646-85b53ec23ca1 was loaded
[11Jun2025 03:25:00.002] [Server thread/INFO] [betterendisland/]: Set the exit portal location to: BlockPos{x=0, y=61, z=0}
[11Jun2025 03:26:03.656] [Server thread/WARN] [net.minecraft.server.network.ServerGamePacketListenerImpl/]: sasuke6525 was kicked for floating too long!
[11Jun2025 03:26:03.705] [Server thread/INFO] [net.minecraft.server.network.ServerGamePacketListenerImpl/]: sasuke6525 lost connection: Flying is not enabled on this server
[11Jun2025 03:26:03.706] [Server thread/INFO] [net.minecraft.server.MinecraftServer/]: sasuke6525 left the game
[11Jun2025 03:26:03.706] [Server thread/INFO] [net.fexcraft.mod.fsmm.FSMM/]: Unloading account of literal{sasuke6525} || 11dbb811-9911-3e57-9646-85b53ec23ca1
[11Jun2025 03:26:03.707] [Server thread/INFO] [com.alrex.parcool.ParCool/]: Limitation of 11dbb811-9911-3e57-9646-85b53ec23ca1 was unloaded
[11Jun2025 03:26:10.219] [Server thread/INFO] [net.minecraft.server.players.PlayerList/]: sasuke6525[/127.43.105.48:55761] logged in with entity id 122450 at (55.45501665046386, 20.28733341023827, -77.31880538815659)
[11Jun2025 03:26:10.250] [Server thread/INFO] [net.minecraft.server.MinecraftServer/]: sasuke6525 joined the game
[11Jun2025 03:26:10.278] [Server thread/INFO] [net.fexcraft.mod.fsmm.FSMM/]: Loading account of literal{sasuke6525} || 11dbb811-9911-3e57-9646-85b53ec23ca1
[11Jun2025 03:26:10.379] [Server thread/INFO] [com.alrex.parcool.ParCool/]: Limitation of 11dbb811-9911-3e57-9646-85b53ec23ca1 was loaded
[11Jun2025 03:26:13.421] [Server thread/INFO] [net.minecraft.server.MinecraftServer/]: [Angeltronix7005: Teleported sasuke6525 to Angeltronix7005]
[11Jun2025 03:26:13.612] [Server thread/INFO] [net.minecraft.server.MinecraftServer/]: sasuke6525 fell from a high place
[11Jun2025 03:26:17.327] [Server thread/INFO] [net.minecraft.server.MinecraftServer/]: [Angeltronix7005: Teleported sasuke6525 to Angeltronix7005]
[11Jun2025 03:26:46.405] [Server thread/INFO] [net.minecraft.server.MinecraftServer/]: Angeltronix7005 has reached the goal [The Next Generation]
[11Jun2025 03:27:02.007] [Server thread/INFO] [net.minecraft.server.MinecraftServer/]: JustRaptor has reached the goal [The Next Generation]
[11Jun2025 03:27:07.905] [Server thread/INFO] [net.minecraft.server.MinecraftServer/]: Ferlein has reached the goal [The Next Generation]
[11Jun2025 03:27:08.704] [Server thread/WARN] [net.minecraft.server.network.ServerGamePacketListenerImpl/]: sasuke6525 was kicked for floating too long!
[11Jun2025 03:27:08.755] [Server thread/INFO] [net.minecraft.server.network.ServerGamePacketListenerImpl/]: sasuke6525 lost connection: Flying is not enabled on this server
[11Jun2025 03:27:08.756] [Server thread/INFO] [net.minecraft.server.MinecraftServer/]: sasuke6525 left the game
[11Jun2025 03:27:08.756] [Server thread/INFO] [net.fexcraft.mod.fsmm.FSMM/]: Unloading account of literal{sasuke6525} || 11dbb811-9911-3e57-9646-85b53ec23ca1
[11Jun2025 03:27:08.756] [Server thread/INFO] [com.alrex.parcool.ParCool/]: Limitation of 11dbb811-9911-3e57-9646-85b53ec23ca1 was unloaded
[11Jun2025 03:27:14.264] [Server thread/INFO] [net.minecraft.server.players.PlayerList/]: sasuke6525[/127.43.105.48:53045] logged in with entity id 122714 at (50.99601160209383, -85.6853043550486, -76.44597372705032)
[11Jun2025 03:27:14.269] [Server thread/INFO] [net.minecraft.server.MinecraftServer/]: sasuke6525 joined the game
[11Jun2025 03:27:14.296] [Server thread/INFO] [net.fexcraft.mod.fsmm.FSMM/]: Loading account of literal{sasuke6525} || 11dbb811-9911-3e57-9646-85b53ec23ca1
[11Jun2025 03:27:14.425] [Server thread/INFO] [com.alrex.parcool.ParCool/]: Limitation of 11dbb811-9911-3e57-9646-85b53ec23ca1 was loaded
[11Jun2025 03:27:14.810] [Server thread/WARN] [net.minecraft.server.network.ServerGamePacketListenerImpl/]: sasuke6525 moved too quickly! 0.0,-19.73852980080686,0.0
[11Jun2025 03:27:15.575] [Server thread/INFO] [net.minecraft.server.MinecraftServer/]: [Angeltronix7005: Teleported sasuke6525 to Angeltronix7005]
[11Jun2025 03:27:15.760] [Server thread/INFO] [net.minecraft.server.MinecraftServer/]: sasuke6525 fell from a high place
[11Jun2025 03:27:19.229] [Server thread/INFO] [net.minecraft.server.MinecraftServer/]: [Angeltronix7005: Teleported sasuke6525 to Angeltronix7005]
[11Jun2025 03:28:22.956] [Server thread/INFO] [net.minecraft.server.MinecraftServer/]: sasuke6525 has reached the goal [The Next Generation]
[11Jun2025 03:29:27.545] [Server thread/INFO] [net.minecraft.server.MinecraftServer/]: [Angeltronix7005: Teleported sasuke6525 to Angeltronix7005]
[11Jun2025 03:29:41.777] [Server thread/INFO] [net.minecraft.server.MinecraftServer/]: [Angeltronix7005: Teleported Angeltronix7005 to Ferlein]
[11Jun2025 03:29:48.825] [Server thread/INFO] [net.minecraft.server.MinecraftServer/]: [Angeltronix7005: Teleported sasuke6525 to Angeltronix7005]
[11Jun2025 03:30:31.272] [Server thread/INFO] [net.minecraft.server.MinecraftServer/]: [Angeltronix7005: Teleported sasuke6525 to Angeltronix7005]
[11Jun2025 03:30:45.024] [Server thread/INFO] [net.minecraft.server.MinecraftServer/]: JustRaptor has made the advancement [Remote Getaway]
[11Jun2025 03:30:49.759] [Server thread/INFO] [net.minecraft.server.MinecraftServer/]: sasuke6525 has made the advancement [Remote Getaway]
[11Jun2025 03:31:04.956] [Server thread/INFO] [net.minecraft.server.MinecraftServer/]: Angeltronix7005 has made the advancement [Remote Getaway]
[11Jun2025 03:31:08.606] [Server thread/INFO] [net.minecraft.server.MinecraftServer/]: Ferlein has made the advancement [Remote Getaway]
[11Jun2025 03:32:21.762] [Server thread/INFO] [net.minecraft.server.MinecraftServer/]: [Angeltronix7005: Teleported sasuke6525 to Angeltronix7005]
[11Jun2025 03:33:20.269] [Server thread/INFO] [net.minecraft.server.MinecraftServer/]: [Angeltronix7005: Teleported sasuke6525 to Angeltronix7005]
[11Jun2025 03:35:36.357] [Server thread/INFO] [net.minecraft.server.MinecraftServer/]: JustRaptor has made the advancement [The City at the End of the Game]
[11Jun2025 03:35:46.358] [Server thread/INFO] [net.minecraft.server.MinecraftServer/]: Ferlein has made the advancement [The City at the End of the Game]
[11Jun2025 03:35:53.853] [Server thread/INFO] [net.minecraft.server.MinecraftServer/]: Angeltronix7005 has made the advancement [The City at the End of the Game]
[11Jun2025 03:35:56.055] [Server thread/INFO] [net.minecraft.server.MinecraftServer/]: sasuke6525 has made the advancement [The City at the End of the Game]
[11Jun2025 03:36:06.704] [Server thread/INFO] [net.minecraft.server.MinecraftServer/]: JustRaptor has completed the challenge [Great View From Up Here]
[11Jun2025 03:43:31.360] [Server thread/INFO] [net.minecraft.server.MinecraftServer/]: [Angeltronix7005: Teleported Angeltronix7005 to sasuke6525]
[11Jun2025 03:44:18.106] [Server thread/INFO] [net.minecraft.server.MinecraftServer/]: Ferlein has reached the goal [Sky's the Limit]
[11Jun2025 03:44:22.312] [Server thread/INFO] [net.minecraft.server.MinecraftServer/]: [Angeltronix7005: Teleported JustRaptor to Ferlein]
[11Jun2025 03:44:27.447] [Server thread/INFO] [net.minecraft.server.MinecraftServer/]: JustRaptor has reached the goal [Sky's the Limit]
[11Jun2025 03:44:37.194] [Server thread/INFO] [net.minecraft.server.MinecraftServer/]: [Angeltronix7005: Teleported Angeltronix7005 to sasuke6525]
[11Jun2025 03:44:51.126] [Server thread/INFO] [net.minecraft.server.MinecraftServer/]: [Angeltronix7005: Teleported sasuke6525 to Angeltronix7005]
[11Jun2025 03:44:51.341] [Server thread/INFO] [net.minecraft.server.MinecraftServer/]: sasuke6525 fell from a high place
[11Jun2025 03:44:54.036] [Server thread/INFO] [net.minecraft.server.MinecraftServer/]: [Angeltronix7005: Teleported sasuke6525 to Angeltronix7005]
[11Jun2025 03:44:59.494] [Server thread/INFO] [net.minecraft.server.MinecraftServer/]: [Angeltronix7005: Teleported sasuke6525 to Angeltronix7005]
[11Jun2025 03:45:54.336] [Server thread/INFO] [net.minecraft.server.MinecraftServer/]: [Angeltronix7005: Teleported Ferlein to Angeltronix7005]
[11Jun2025 03:45:54.357] [Server thread/INFO] [net.minecraft.server.MinecraftServer/]: Ferlein has completed the challenge [Great View From Up Here]
[11Jun2025 03:46:32.910] [Server thread/INFO] [net.minecraft.server.MinecraftServer/]: [Angeltronix7005: Set own game mode to Creative Mode]
